#
# There is insufficient memory for the Java Runtime Environment to continue.
# Native memory allocation (malloc) failed to allocate 1048576 bytes for AllocateHeap
# Possible reasons:
#   The system is out of physical RAM or swap space
#   The process is running with CompressedOops enabled, and the Java Heap may be blocking the growth of the native heap
# Possible solutions:
#   Reduce memory load on the system
#   Increase physical memory or swap space
#   Check if swap backing store is full
#   Decrease Java heap size (-Xmx/-Xms)
#   Decrease number of Java threads
#   Decrease Java thread stack sizes (-Xss)
#   Set larger code cache with -XX:ReservedCodeCacheSize=
#
#  , pid=3012
#
Command Line: -XX:TieredStopAtLevel=1 -Xverify:none -Dspring.output.ansi.enabled=always -Dcom.sun.management.jmxremote -Dspring.jmx.enabled=true -Dspring.liveBeansView.mbeanDomain -Dspring.application.admin.enabled=true -javaagent:E:\SpringCloud\ideaIU-2019.3.4.win\lib\idea_rt.jar=60816:E:\SpringCloud\ideaIU-2019.3.4.win\bin -Dfile.encoding=UTF-8 com.cit.lotus.lineservice.LineServiceApplication

Host: Intel(R) Core(TM) i5-8250U CPU @ 1.60GHz, 8 cores, 15G,  Windows 10 , 64 bit Build 17763 (10.0.17763.475)
Time: Fri Dec  4 18:09:24 2020 ?D1¨²¡À¨º¡Á?¨º¡À?? elapsed time: 182070 seconds (2d 2h 34m 30s)

---------------  T H R E A D  ---------------

Current thread (0x0000027c3ade4800):  VMThread "VM Thread" [stack: 0x000000f119200000,0x000000f119300000] [id=24860]

Stack: [0x000000f119200000,0x000000f119300000]
[error occurred during error reporting (printing stack bounds), id 0xc0000005, EXCEPTION_ACCESS_VIOLATION (0xc0000005) at pc=0x0000027c1eff0dad]

Native frames: (J=compiled Java code, j=interpreted, Vv=VM code, C=native code)
V  [jvm.dll+0x5de31a]
V  [jvm.dll+0x710ae5]
V  [jvm.dll+0x712005]
V  [jvm.dll+0x712615]
V  [jvm.dll+0x7125cb]
V  [jvm.dll+0x5dd798]
V  [jvm.dll+0x5ddf08]
C  [ntdll.dll+0xa479f]
C  [ntdll.dll+0x4bef]
C  [ntdll.dll+0xa350e]
C  0x0000027c1eff0dad

VM_Operation (0x000000f11b1fab40): CollectForMetadataAllocation, mode: safepoint, requested by thread 0x0000027c3eaea800


---------------  P R O C E S S  ---------------

Threads class SMR info:
_java_thread_list=0x0000027c3b3e8480, length=32, elements={
0x0000027c3ade9800, 0x0000027c3ae19000, 0x0000027c3ae8c800, 0x0000027c3ae8d800,
0x0000027c3ae90800, 0x0000027c3ae99000, 0x0000027c3ade1000, 0x0000027c3b5ca000,
0x0000027c3b5d0000, 0x0000027c3b749000, 0x0000027c3cb60800, 0x0000027c3d02f000,
0x0000027c3c5f9000, 0x0000027c3c59f000, 0x0000027c3ec1b800, 0x0000027c3eaec800,
0x0000027c3eaeb800, 0x0000027c3eaea800, 0x0000027c3eaea000, 0x0000027c3eaed000,
0x0000027c3eaee000, 0x0000027c3eae8800, 0x0000027c3eaef000, 0x0000027c3eae9000,
0x0000027c3eff5800, 0x0000027c3eff6000, 0x0000027c3eff1800, 0x0000027c3eff2000,
0x0000027c3eff3000, 0x0000027c3eff0800, 0x0000027c3eff8000, 0x0000027c3eff8800
}

Java Threads: ( => current thread )
  0x0000027c3ade9800 JavaThread "Reference Handler" daemon [_thread_blocked, id=22508, stack(0x000000f119300000,0x000000f119400000)]
  0x0000027c3ae19000 JavaThread "Finalizer" daemon [_thread_blocked, id=25820, stack(0x000000f119400000,0x000000f119500000)]
  0x0000027c3ae8c800 JavaThread "Signal Dispatcher" daemon [_thread_blocked, id=23636, stack(0x000000f119500000,0x000000f119600000)]
  0x0000027c3ae8d800 JavaThread "Attach Listener" daemon [_thread_blocked, id=24840, stack(0x000000f119600000,0x000000f119700000)]
  0x0000027c3ae90800 JavaThread "C1 CompilerThread0" daemon [_thread_blocked, id=26416, stack(0x000000f119700000,0x000000f119800000)]
  0x0000027c3ae99000 JavaThread "Sweeper thread" daemon [_thread_blocked, id=20580, stack(0x000000f119800000,0x000000f119900000)]
  0x0000027c3ade1000 JavaThread "Common-Cleaner" daemon [_thread_blocked, id=3116, stack(0x000000f119900000,0x000000f119a00000)]
  0x0000027c3b5ca000 JavaThread "Monitor Ctrl-Break" daemon [_thread_in_native, id=24504, stack(0x000000f119a00000,0x000000f119b00000)]
  0x0000027c3b5d0000 JavaThread "Service Thread" daemon [_thread_blocked, id=13392, stack(0x000000f119b00000,0x000000f119c00000)]
  0x0000027c3b749000 JavaThread "RMI TCP Accept-0" daemon [_thread_in_native, id=23084, stack(0x000000f119c00000,0x000000f119d00000)]
  0x0000027c3cb60800 JavaThread "RMI Scheduler(0)" daemon [_thread_blocked, id=16196, stack(0x000000f11a600000,0x000000f11a700000)]
  0x0000027c3d02f000 JavaThread "Catalina-utility-1" [_thread_blocked, id=22984, stack(0x000000f11a800000,0x000000f11a900000)]
  0x0000027c3c5f9000 JavaThread "Catalina-utility-2" [_thread_blocked, id=23640, stack(0x000000f11a900000,0x000000f11aa00000)]
  0x0000027c3c59f000 JavaThread "container-0" [_thread_blocked, id=20192, stack(0x000000f11aa00000,0x000000f11ab00000)]
  0x0000027c3ec1b800 JavaThread "spring.cloud.inetutils" daemon [_thread_blocked, id=10592, stack(0x000000f11ac00000,0x000000f11ad00000)]
  0x0000027c3eaec800 JavaThread "configWatchTaskScheduler-1" [_thread_blocked, id=26832, stack(0x000000f11ad00000,0x000000f11ae00000)]
  0x0000027c3eaeb800 JavaThread "catalogWatchTaskScheduler-1" [_thread_blocked, id=22052, stack(0x000000f11b000000,0x000000f11b100000)]
  0x0000027c3eaea800 JavaThread "pool-1-thread-1" [_thread_blocked, id=24832, stack(0x000000f11b100000,0x000000f11b200000)]
  0x0000027c3eaea000 JavaThread "http-nio-8601-BlockPoller" daemon [_thread_in_native, id=3452, stack(0x000000f11b200000,0x000000f11b300000)]
  0x0000027c3eaed000 JavaThread "http-nio-8601-exec-1" daemon [_thread_blocked, id=24892, stack(0x000000f11b300000,0x000000f11b400000)]
  0x0000027c3eaee000 JavaThread "http-nio-8601-exec-2" daemon [_thread_blocked, id=28208, stack(0x000000f11b400000,0x000000f11b500000)]
  0x0000027c3eae8800 JavaThread "http-nio-8601-exec-3" daemon [_thread_blocked, id=21388, stack(0x000000f11b500000,0x000000f11b600000)]
  0x0000027c3eaef000 JavaThread "http-nio-8601-exec-4" daemon [_thread_blocked, id=13964, stack(0x000000f11b600000,0x000000f11b700000)]
  0x0000027c3eae9000 JavaThread "http-nio-8601-exec-5" daemon [_thread_blocked, id=28120, stack(0x000000f11b700000,0x000000f11b800000)]
  0x0000027c3eff5800 JavaThread "http-nio-8601-exec-6" daemon [_thread_blocked, id=28632, stack(0x000000f11b800000,0x000000f11b900000)]
  0x0000027c3eff6000 JavaThread "http-nio-8601-exec-7" daemon [_thread_blocked, id=2440, stack(0x000000f11b900000,0x000000f11ba00000)]
  0x0000027c3eff1800 JavaThread "http-nio-8601-exec-8" daemon [_thread_blocked, id=28248, stack(0x000000f11ba00000,0x000000f11bb00000)]
  0x0000027c3eff2000 JavaThread "http-nio-8601-exec-9" daemon [_thread_blocked, id=27096, stack(0x000000f11bb00000,0x000000f11bc00000)]
  0x0000027c3eff3000 JavaThread "http-nio-8601-exec-10" daemon [_thread_blocked, id=24144, stack(0x000000f11bc00000,0x000000f11bd00000)]
  0x0000027c3eff0800 JavaThread "http-nio-8601-ClientPoller" daemon [_thread_in_native, id=18376, stack(0x000000f11bd00000,0x000000f11be00000)]
  0x0000027c3eff8000 JavaThread "http-nio-8601-Acceptor" daemon [_thread_in_native, id=21776, stack(0x000000f11be00000,0x000000f11bf00000)]
  0x0000027c3eff8800 JavaThread "DestroyJavaVM" [_thread_blocked, id=23656, stack(0x000000f118c00000,0x000000f118d00000)]

Other Threads:
=>0x0000027c3ade4800 VMThread "VM Thread" [stack: 0x000000f119200000,0x000000f119300000] [id=24860]
  0x0000027c3b68d000 WatcherThread [stack: 0x000000f119d00000,0x000000f119e00000] [id=25660]
  0x0000027c1af51800 GCTaskThread "GC Thread#0" [stack: 0x000000f118d00000,0x000000f118e00000] [id=5564]
  0x0000027c3b85d000 GCTaskThread "GC Thread#1" [stack: 0x000000f119e00000,0x000000f119f00000] [id=18008]
  0x0000027c3b766000 GCTaskThread "GC Thread#2" [stack: 0x000000f119f00000,0x000000f11a000000] [id=18368]
  0x0000027c3b86b000 GCTaskThread "GC Thread#3" [stack: 0x000000f11a000000,0x000000f11a100000] [id=27424]
  0x0000027c3b86b800 GCTaskThread "GC Thread#4" [stack: 0x000000f11a100000,0x000000f11a200000] [id=26756]
  0x0000027c3b761000 GCTaskThread "GC Thread#5" [stack: 0x000000f11a200000,0x000000f11a300000] [id=11276]
  0x0000027c3ec94800 GCTaskThread "GC Thread#6" [stack: 0x000000f11ae00000,0x000000f11af00000] [id=14164]
  0x0000027c3ec96000 GCTaskThread "GC Thread#7" [stack: 0x000000f11af00000,0x000000f11b000000] [id=20988]
  0x0000027c1afaf800 ConcurrentGCThread "G1 Main Marker" [stack: 0x000000f118e00000,0x000000f118f00000] [id=27640]
  0x0000027c1afb1000 ConcurrentGCThread "G1 Conc#0" [stack: 0x000000f118f00000,0x000000f119000000] [id=5288]
  0x0000027c3ca4e800 ConcurrentGCThread "G1 Conc#1" [stack: 0x000000f11a500000,0x000000f11a600000] [id=24828]
  0x0000027c3a447800 ConcurrentGCThread "G1 Refine#0" [stack: 0x000000f119000000,0x000000f119100000] [id=14012]
  0x0000027c3b15d800 ConcurrentGCThread "G1 Refine#1" [stack: 0x000000f11a300000,0x000000f11a400000] [id=3948]
  0x0000027c3a448800 ConcurrentGCThread "G1 Young RemSet Sampling" [stack: 0x000000f119100000,0x000000f119200000] [id=23228]

Threads with active compile tasks:

VM state:at safepoint (normal execution)

VM Mutex/Monitor currently owned by a thread:  ([mutex/lock_event])
[0x0000027c1af37f50] Threads_lock - owner thread: 0x0000027c3ade4800
[0x0000027c1af38f10] Heap_lock - owner thread: 0x0000027c3eaea800

OutOfMemory and StackOverflow Exception counts:
StackOverflowErrors=2
LinkageErrors=83

Heap address: 0x0000000702600000, size: 4058 MB, Compressed Oops mode: Zero based, Oop shift amount: 3
Narrow klass base: 0x0000000800000000, Narrow klass shift: 0
Compressed class space size: 1073741824 Address: 0x0000000800000000

Heap:
 garbage-first heap   total 260096K, used 27651K [0x0000000702600000, 0x0000000800000000)
  region size 1024K, 1 young (1024K), 1 survivors (1024K)
 Metaspace       used 55216K, capacity 57127K, committed 57168K, reserved 1099776K
  class space    used 7156K, capacity 7909K, committed 7936K, reserved 1048576K
Heap Regions: E=young(eden), S=young(survivor), O=old, HS=humongous(starts), HC=humongous(continues), CS=collection set, F=free, A=archive, TAMS=top-at-mark-start (previous, next)
|   0|0x0000000702600000, 0x0000000702700000, 0x0000000702700000|100%| O|  |TAMS 0x0000000702700000, 0x0000000702700000| Untracked 
|   1|0x0000000702700000, 0x0000000702800000, 0x0000000702800000|100%| O|  |TAMS 0x0000000702800000, 0x0000000702800000| Untracked 
|   2|0x0000000702800000, 0x0000000702900000, 0x0000000702900000|100%| O|  |TAMS 0x0000000702900000, 0x0000000702900000| Untracked 
|   3|0x0000000702900000, 0x0000000702a00000, 0x0000000702a00000|100%| O|  |TAMS 0x0000000702a00000, 0x0000000702a00000| Untracked 
|   4|0x0000000702a00000, 0x0000000702b00000, 0x0000000702b00000|100%| O|  |TAMS 0x0000000702b00000, 0x0000000702b00000| Untracked 
|   5|0x0000000702b00000, 0x0000000702c00000, 0x0000000702c00000|100%| O|  |TAMS 0x0000000702c00000, 0x0000000702c00000| Untracked 
|   6|0x0000000702c00000, 0x0000000702d00000, 0x0000000702d00000|100%| O|  |TAMS 0x0000000702d00000, 0x0000000702d00000| Untracked 
|   7|0x0000000702d00000, 0x0000000702e00000, 0x0000000702e00000|100%| O|  |TAMS 0x0000000702d3e600, 0x0000000702e00000| Untracked 
|   8|0x0000000702e00000, 0x0000000702f00000, 0x0000000702f00000|100%| O|  |TAMS 0x0000000702e00000, 0x0000000702f00000| Untracked 
|   9|0x0000000702f00000, 0x0000000703000000, 0x0000000703000000|100%| O|  |TAMS 0x0000000702f00000, 0x0000000703000000| Untracked 
|  10|0x0000000703000000, 0x0000000703100000, 0x0000000703100000|100%| O|  |TAMS 0x0000000703000000, 0x0000000703100000| Untracked 
|  11|0x0000000703100000, 0x0000000703200000, 0x0000000703200000|100%| O|  |TAMS 0x0000000703100000, 0x0000000703200000| Untracked 
|  12|0x0000000703200000, 0x0000000703300000, 0x0000000703300000|100%| O|  |TAMS 0x0000000703200000, 0x0000000703300000| Untracked 
|  13|0x0000000703300000, 0x0000000703400000, 0x0000000703400000|100%| O|  |TAMS 0x0000000703300000, 0x0000000703400000| Untracked 
|  14|0x0000000703400000, 0x0000000703500000, 0x0000000703500000|100%| O|  |TAMS 0x0000000703400000, 0x0000000703500000| Untracked 
|  15|0x0000000703500000, 0x0000000703600000, 0x0000000703600000|100%| O|  |TAMS 0x0000000703500000, 0x0000000703600000| Untracked 
|  16|0x0000000703600000, 0x0000000703700000, 0x0000000703700000|100%| O|  |TAMS 0x0000000703600000, 0x0000000703700000| Untracked 
|  17|0x0000000703700000, 0x0000000703800000, 0x0000000703800000|100%| O|  |TAMS 0x0000000703700000, 0x0000000703800000| Untracked 
|  18|0x0000000703800000, 0x0000000703900000, 0x0000000703900000|100%| O|  |TAMS 0x0000000703800000, 0x0000000703900000| Untracked 
|  19|0x0000000703900000, 0x0000000703a00000, 0x0000000703a00000|100%| O|  |TAMS 0x0000000703900000, 0x0000000703a00000| Untracked 
|  20|0x0000000703a00000, 0x0000000703b00000, 0x0000000703b00000|100%| O|  |TAMS 0x0000000703a00000, 0x0000000703b00000| Untracked 
|  21|0x0000000703b00000, 0x0000000703c00000, 0x0000000703c00000|100%| O|  |TAMS 0x0000000703b00000, 0x0000000703c00000| Untracked 
|  22|0x0000000703c00000, 0x0000000703d00000, 0x0000000703d00000|100%| O|  |TAMS 0x0000000703c00000, 0x0000000703d00000| Untracked 
|  23|0x0000000703d00000, 0x0000000703e00000, 0x0000000703e00000|100%| O|  |TAMS 0x0000000703d00000, 0x0000000703e00000| Untracked 
|  24|0x0000000703e00000, 0x0000000703f00000, 0x0000000703f00000|100%| O|  |TAMS 0x0000000703e00000, 0x0000000703f00000| Untracked 
|  25|0x0000000703f00000, 0x0000000704000000, 0x0000000704000000|100%| O|  |TAMS 0x0000000703f00000, 0x0000000704000000| Untracked 
|  26|0x0000000704000000, 0x000000070405ca00, 0x0000000704100000| 36%| O|  |TAMS 0x0000000704000000, 0x000000070405ca00| Untracked 
|  27|0x0000000704100000, 0x0000000704100000, 0x0000000704200000|  0%| F|  |TAMS 0x0000000704100000, 0x0000000704100000| Untracked 
|  28|0x0000000704200000, 0x0000000704200000, 0x0000000704300000|  0%| F|  |TAMS 0x0000000704200000, 0x0000000704200000| Untracked 
|  29|0x0000000704300000, 0x0000000704300000, 0x0000000704400000|  0%| F|  |TAMS 0x0000000704300000, 0x0000000704300000| Untracked 
|  30|0x0000000704400000, 0x0000000704400000, 0x0000000704500000|  0%| F|  |TAMS 0x0000000704400000, 0x0000000704400000| Untracked 
|  31|0x0000000704500000, 0x0000000704500000, 0x0000000704600000|  0%| F|  |TAMS 0x0000000704500000, 0x0000000704500000| Untracked 
|  32|0x0000000704600000, 0x0000000704600000, 0x0000000704700000|  0%| F|  |TAMS 0x0000000704600000, 0x0000000704600000| Untracked 
|  33|0x0000000704700000, 0x0000000704700000, 0x0000000704800000|  0%| F|  |TAMS 0x0000000704700000, 0x0000000704700000| Untracked 
|  34|0x0000000704800000, 0x0000000704800000, 0x0000000704900000|  0%| F|  |TAMS 0x0000000704800000, 0x0000000704800000| Untracked 
|  35|0x0000000704900000, 0x0000000704900000, 0x0000000704a00000|  0%| F|  |TAMS 0x0000000704900000, 0x0000000704900000| Untracked 
|  36|0x0000000704a00000, 0x0000000704a00000, 0x0000000704b00000|  0%| F|  |TAMS 0x0000000704a00000, 0x0000000704a00000| Untracked 
|  37|0x0000000704b00000, 0x0000000704b00000, 0x0000000704c00000|  0%| F|  |TAMS 0x0000000704b00000, 0x0000000704b00000| Untracked 
|  38|0x0000000704c00000, 0x0000000704c00000, 0x0000000704d00000|  0%| F|  |TAMS 0x0000000704c00000, 0x0000000704c00000| Untracked 
|  39|0x0000000704d00000, 0x0000000704d00000, 0x0000000704e00000|  0%| F|  |TAMS 0x0000000704d00000, 0x0000000704d00000| Untracked 
|  40|0x0000000704e00000, 0x0000000704e00000, 0x0000000704f00000|  0%| F|  |TAMS 0x0000000704e00000, 0x0000000704e00000| Untracked 
|  41|0x0000000704f00000, 0x0000000704f00000, 0x0000000705000000|  0%| F|  |TAMS 0x0000000704f00000, 0x0000000704f00000| Untracked 
|  42|0x0000000705000000, 0x0000000705000000, 0x0000000705100000|  0%| F|  |TAMS 0x0000000705000000, 0x0000000705000000| Untracked 
|  43|0x0000000705100000, 0x0000000705100000, 0x0000000705200000|  0%| F|  |TAMS 0x0000000705100000, 0x0000000705100000| Untracked 
|  44|0x0000000705200000, 0x0000000705200000, 0x0000000705300000|  0%| F|  |TAMS 0x0000000705200000, 0x0000000705200000| Untracked 
|  45|0x0000000705300000, 0x0000000705300000, 0x0000000705400000|  0%| F|  |TAMS 0x0000000705300000, 0x0000000705300000| Untracked 
|  46|0x0000000705400000, 0x0000000705400000, 0x0000000705500000|  0%| F|  |TAMS 0x0000000705400000, 0x0000000705400000| Untracked 
|  47|0x0000000705500000, 0x0000000705500000, 0x0000000705600000|  0%| F|  |TAMS 0x0000000705500000, 0x0000000705500000| Untracked 
|  48|0x0000000705600000, 0x0000000705600000, 0x0000000705700000|  0%| F|  |TAMS 0x0000000705600000, 0x0000000705600000| Untracked 
|  49|0x0000000705700000, 0x0000000705700000, 0x0000000705800000|  0%| F|  |TAMS 0x0000000705700000, 0x0000000705700000| Untracked 
|  50|0x0000000705800000, 0x0000000705800000, 0x0000000705900000|  0%| F|  |TAMS 0x0000000705800000, 0x0000000705800000| Untracked 
|  51|0x0000000705900000, 0x0000000705900000, 0x0000000705a00000|  0%| F|  |TAMS 0x0000000705900000, 0x0000000705900000| Untracked 
|  52|0x0000000705a00000, 0x0000000705a00000, 0x0000000705b00000|  0%| F|  |TAMS 0x0000000705a00000, 0x0000000705a00000| Untracked 
|  53|0x0000000705b00000, 0x0000000705b00000, 0x0000000705c00000|  0%| F|  |TAMS 0x0000000705b00000, 0x0000000705b00000| Untracked 
|  54|0x0000000705c00000, 0x0000000705c00000, 0x0000000705d00000|  0%| F|  |TAMS 0x0000000705c00000, 0x0000000705c00000| Untracked 
|  55|0x0000000705d00000, 0x0000000705d00000, 0x0000000705e00000|  0%| F|  |TAMS 0x0000000705d00000, 0x0000000705d00000| Untracked 
|  56|0x0000000705e00000, 0x0000000705e00000, 0x0000000705f00000|  0%| F|  |TAMS 0x0000000705e00000, 0x0000000705e00000| Untracked 
|  57|0x0000000705f00000, 0x0000000705f00000, 0x0000000706000000|  0%| F|  |TAMS 0x0000000705f00000, 0x0000000705f00000| Untracked 
|  58|0x0000000706000000, 0x0000000706000000, 0x0000000706100000|  0%| F|  |TAMS 0x0000000706000000, 0x0000000706000000| Untracked 
|  59|0x0000000706100000, 0x0000000706100000, 0x0000000706200000|  0%| F|  |TAMS 0x0000000706100000, 0x0000000706100000| Untracked 
|  60|0x0000000706200000, 0x0000000706200000, 0x0000000706300000|  0%| F|  |TAMS 0x0000000706200000, 0x0000000706200000| Untracked 
|  61|0x0000000706300000, 0x0000000706300000, 0x0000000706400000|  0%| F|  |TAMS 0x0000000706300000, 0x0000000706300000| Untracked 
|  62|0x0000000706400000, 0x0000000706400000, 0x0000000706500000|  0%| F|  |TAMS 0x0000000706400000, 0x0000000706400000| Untracked 
|  63|0x0000000706500000, 0x0000000706500000, 0x0000000706600000|  0%| F|  |TAMS 0x0000000706500000, 0x0000000706500000| Untracked 
|  64|0x0000000706600000, 0x0000000706600000, 0x0000000706700000|  0%| F|  |TAMS 0x0000000706600000, 0x0000000706600000| Untracked 
|  65|0x0000000706700000, 0x0000000706700000, 0x0000000706800000|  0%| F|  |TAMS 0x0000000706700000, 0x0000000706700000| Untracked 
|  66|0x0000000706800000, 0x0000000706800000, 0x0000000706900000|  0%| F|  |TAMS 0x0000000706800000, 0x0000000706800000| Untracked 
|  67|0x0000000706900000, 0x0000000706900000, 0x0000000706a00000|  0%| F|  |TAMS 0x0000000706900000, 0x0000000706900000| Untracked 
|  68|0x0000000706a00000, 0x0000000706a00000, 0x0000000706b00000|  0%| F|  |TAMS 0x0000000706a00000, 0x0000000706a00000| Untracked 
|  69|0x0000000706b00000, 0x0000000706b00000, 0x0000000706c00000|  0%| F|  |TAMS 0x0000000706b00000, 0x0000000706b00000| Untracked 
|  70|0x0000000706c00000, 0x0000000706c00000, 0x0000000706d00000|  0%| F|  |TAMS 0x0000000706c00000, 0x0000000706c00000| Untracked 
|  71|0x0000000706d00000, 0x0000000706d00000, 0x0000000706e00000|  0%| F|  |TAMS 0x0000000706d00000, 0x0000000706d00000| Untracked 
|  72|0x0000000706e00000, 0x0000000706e00000, 0x0000000706f00000|  0%| F|  |TAMS 0x0000000706e00000, 0x0000000706e00000| Untracked 
|  73|0x0000000706f00000, 0x0000000706f00000, 0x0000000707000000|  0%| F|  |TAMS 0x0000000706f00000, 0x0000000706f00000| Untracked 
|  74|0x0000000707000000, 0x0000000707000000, 0x0000000707100000|  0%| F|  |TAMS 0x0000000707000000, 0x0000000707000000| Untracked 
|  75|0x0000000707100000, 0x0000000707100000, 0x0000000707200000|  0%| F|  |TAMS 0x0000000707100000, 0x0000000707100000| Untracked 
|  76|0x0000000707200000, 0x0000000707200000, 0x0000000707300000|  0%| F|  |TAMS 0x0000000707200000, 0x0000000707200000| Untracked 
|  77|0x0000000707300000, 0x0000000707300000, 0x0000000707400000|  0%| F|  |TAMS 0x0000000707300000, 0x0000000707300000| Untracked 
|  78|0x0000000707400000, 0x0000000707400000, 0x0000000707500000|  0%| F|  |TAMS 0x0000000707400000, 0x0000000707400000| Untracked 
|  79|0x0000000707500000, 0x0000000707500000, 0x0000000707600000|  0%| F|  |TAMS 0x0000000707500000, 0x0000000707500000| Untracked 
|  80|0x0000000707600000, 0x0000000707600000, 0x0000000707700000|  0%| F|  |TAMS 0x0000000707600000, 0x0000000707600000| Untracked 
|  81|0x0000000707700000, 0x0000000707700000, 0x0000000707800000|  0%| F|  |TAMS 0x0000000707700000, 0x0000000707700000| Untracked 
|  82|0x0000000707800000, 0x0000000707800000, 0x0000000707900000|  0%| F|  |TAMS 0x0000000707800000, 0x0000000707800000| Untracked 
|  83|0x0000000707900000, 0x0000000707900000, 0x0000000707a00000|  0%| F|  |TAMS 0x0000000707900000, 0x0000000707900000| Untracked 
|  84|0x0000000707a00000, 0x0000000707a00000, 0x0000000707b00000|  0%| F|  |TAMS 0x0000000707a00000, 0x0000000707a00000| Untracked 
|  85|0x0000000707b00000, 0x0000000707b00000, 0x0000000707c00000|  0%| F|  |TAMS 0x0000000707b00000, 0x0000000707b00000| Untracked 
|  86|0x0000000707c00000, 0x0000000707c00000, 0x0000000707d00000|  0%| F|  |TAMS 0x0000000707c00000, 0x0000000707c00000| Untracked 
|  87|0x0000000707d00000, 0x0000000707d00000, 0x0000000707e00000|  0%| F|  |TAMS 0x0000000707d00000, 0x0000000707d00000| Untracked 
|  88|0x0000000707e00000, 0x0000000707e00000, 0x0000000707f00000|  0%| F|  |TAMS 0x0000000707e00000, 0x0000000707e00000| Untracked 
|  89|0x0000000707f00000, 0x0000000707f00000, 0x0000000708000000|  0%| F|  |TAMS 0x0000000707f00000, 0x0000000707f00000| Untracked 
|  90|0x0000000708000000, 0x0000000708000000, 0x0000000708100000|  0%| F|  |TAMS 0x0000000708000000, 0x0000000708000000| Untracked 
|  91|0x0000000708100000, 0x0000000708100000, 0x0000000708200000|  0%| F|  |TAMS 0x0000000708100000, 0x0000000708100000| Untracked 
|  92|0x0000000708200000, 0x0000000708200000, 0x0000000708300000|  0%| F|  |TAMS 0x0000000708200000, 0x0000000708200000| Untracked 
|  93|0x0000000708300000, 0x0000000708300000, 0x0000000708400000|  0%| F|  |TAMS 0x0000000708300000, 0x0000000708300000| Untracked 
|  94|0x0000000708400000, 0x0000000708400000, 0x0000000708500000|  0%| F|  |TAMS 0x0000000708400000, 0x0000000708400000| Untracked 
|  95|0x0000000708500000, 0x0000000708500000, 0x0000000708600000|  0%| F|  |TAMS 0x0000000708500000, 0x0000000708500000| Untracked 
|  96|0x0000000708600000, 0x0000000708600000, 0x0000000708700000|  0%| F|  |TAMS 0x0000000708600000, 0x0000000708600000| Untracked 
|  97|0x0000000708700000, 0x0000000708700000, 0x0000000708800000|  0%| F|  |TAMS 0x0000000708700000, 0x0000000708700000| Untracked 
|  98|0x0000000708800000, 0x0000000708800000, 0x0000000708900000|  0%| F|  |TAMS 0x0000000708800000, 0x0000000708800000| Untracked 
|  99|0x0000000708900000, 0x0000000708900000, 0x0000000708a00000|  0%| F|  |TAMS 0x0000000708900000, 0x0000000708900000| Untracked 
| 100|0x0000000708a00000, 0x0000000708a00000, 0x0000000708b00000|  0%| F|  |TAMS 0x0000000708a00000, 0x0000000708a00000| Untracked 
| 101|0x0000000708b00000, 0x0000000708b00000, 0x0000000708c00000|  0%| F|  |TAMS 0x0000000708b00000, 0x0000000708b00000| Untracked 
| 102|0x0000000708c00000, 0x0000000708c00000, 0x0000000708d00000|  0%| F|  |TAMS 0x0000000708c00000, 0x0000000708c00000| Untracked 
| 103|0x0000000708d00000, 0x0000000708d00000, 0x0000000708e00000|  0%| F|  |TAMS 0x0000000708d00000, 0x0000000708d00000| Untracked 
| 104|0x0000000708e00000, 0x0000000708e00000, 0x0000000708f00000|  0%| F|  |TAMS 0x0000000708e00000, 0x0000000708e00000| Untracked 
| 105|0x0000000708f00000, 0x0000000708f00000, 0x0000000709000000|  0%| F|  |TAMS 0x0000000708f00000, 0x0000000708f00000| Untracked 
| 106|0x0000000709000000, 0x0000000709000000, 0x0000000709100000|  0%| F|  |TAMS 0x0000000709000000, 0x0000000709000000| Untracked 
| 107|0x0000000709100000, 0x0000000709100000, 0x0000000709200000|  0%| F|  |TAMS 0x0000000709100000, 0x0000000709100000| Untracked 
| 108|0x0000000709200000, 0x0000000709200000, 0x0000000709300000|  0%| F|  |TAMS 0x0000000709200000, 0x0000000709200000| Untracked 
| 109|0x0000000709300000, 0x0000000709300000, 0x0000000709400000|  0%| F|  |TAMS 0x0000000709300000, 0x0000000709300000| Untracked 
| 110|0x0000000709400000, 0x0000000709400000, 0x0000000709500000|  0%| F|  |TAMS 0x0000000709400000, 0x0000000709400000| Untracked 
| 111|0x0000000709500000, 0x0000000709500000, 0x0000000709600000|  0%| F|  |TAMS 0x0000000709500000, 0x0000000709500000| Untracked 
| 112|0x0000000709600000, 0x0000000709600000, 0x0000000709700000|  0%| F|  |TAMS 0x0000000709600000, 0x0000000709600000| Untracked 
| 113|0x0000000709700000, 0x0000000709700000, 0x0000000709800000|  0%| F|  |TAMS 0x0000000709700000, 0x0000000709700000| Untracked 
| 114|0x0000000709800000, 0x0000000709800000, 0x0000000709900000|  0%| F|  |TAMS 0x0000000709800000, 0x0000000709800000| Untracked 
| 115|0x0000000709900000, 0x0000000709900000, 0x0000000709a00000|  0%| F|  |TAMS 0x0000000709900000, 0x0000000709900000| Untracked 
| 116|0x0000000709a00000, 0x0000000709a00000, 0x0000000709b00000|  0%| F|  |TAMS 0x0000000709a00000, 0x0000000709a00000| Untracked 
| 117|0x0000000709b00000, 0x0000000709b00000, 0x0000000709c00000|  0%| F|  |TAMS 0x0000000709b00000, 0x0000000709b00000| Untracked 
| 118|0x0000000709c00000, 0x0000000709c00000, 0x0000000709d00000|  0%| F|  |TAMS 0x0000000709c00000, 0x0000000709c00000| Untracked 
| 119|0x0000000709d00000, 0x0000000709d00000, 0x0000000709e00000|  0%| F|  |TAMS 0x0000000709d00000, 0x0000000709d00000| Untracked 
| 120|0x0000000709e00000, 0x0000000709e00000, 0x0000000709f00000|  0%| F|  |TAMS 0x0000000709e00000, 0x0000000709e00000| Untracked 
| 121|0x0000000709f00000, 0x0000000709f00000, 0x000000070a000000|  0%| F|  |TAMS 0x0000000709f00000, 0x0000000709f00000| Untracked 
| 122|0x000000070a000000, 0x000000070a000000, 0x000000070a100000|  0%| F|  |TAMS 0x000000070a000000, 0x000000070a000000| Untracked 
| 123|0x000000070a100000, 0x000000070a100000, 0x000000070a200000|  0%| F|  |TAMS 0x000000070a100000, 0x000000070a100000| Untracked 
| 124|0x000000070a200000, 0x000000070a200000, 0x000000070a300000|  0%| F|  |TAMS 0x000000070a200000, 0x000000070a200000| Untracked 
| 125|0x000000070a300000, 0x000000070a300000, 0x000000070a400000|  0%| F|  |TAMS 0x000000070a300000, 0x000000070a300000| Untracked 
| 126|0x000000070a400000, 0x000000070a400000, 0x000000070a500000|  0%| F|  |TAMS 0x000000070a400000, 0x000000070a400000| Untracked 
| 127|0x000000070a500000, 0x000000070a500000, 0x000000070a600000|  0%| F|  |TAMS 0x000000070a500000, 0x000000070a500000| Untracked 
| 128|0x000000070a600000, 0x000000070a600000, 0x000000070a700000|  0%| F|  |TAMS 0x000000070a600000, 0x000000070a600000| Untracked 
| 129|0x000000070a700000, 0x000000070a700000, 0x000000070a800000|  0%| F|  |TAMS 0x000000070a700000, 0x000000070a700000| Untracked 
| 130|0x000000070a800000, 0x000000070a800000, 0x000000070a900000|  0%| F|  |TAMS 0x000000070a800000, 0x000000070a800000| Untracked 
| 131|0x000000070a900000, 0x000000070a900000, 0x000000070aa00000|  0%| F|  |TAMS 0x000000070a900000, 0x000000070a900000| Untracked 
| 132|0x000000070aa00000, 0x000000070aa00000, 0x000000070ab00000|  0%| F|  |TAMS 0x000000070aa00000, 0x000000070aa00000| Untracked 
| 133|0x000000070ab00000, 0x000000070ab00000, 0x000000070ac00000|  0%| F|  |TAMS 0x000000070ab00000, 0x000000070ab00000| Untracked 
| 134|0x000000070ac00000, 0x000000070ac00000, 0x000000070ad00000|  0%| F|  |TAMS 0x000000070ac00000, 0x000000070ac00000| Untracked 
| 135|0x000000070ad00000, 0x000000070ad00000, 0x000000070ae00000|  0%| F|  |TAMS 0x000000070ad00000, 0x000000070ad00000| Untracked 
| 136|0x000000070ae00000, 0x000000070ae00000, 0x000000070af00000|  0%| F|  |TAMS 0x000000070ae00000, 0x000000070ae00000| Untracked 
| 137|0x000000070af00000, 0x000000070af00000, 0x000000070b000000|  0%| F|  |TAMS 0x000000070af00000, 0x000000070af00000| Untracked 
| 138|0x000000070b000000, 0x000000070b000000, 0x000000070b100000|  0%| F|  |TAMS 0x000000070b000000, 0x000000070b000000| Untracked 
| 139|0x000000070b100000, 0x000000070b100000, 0x000000070b200000|  0%| F|  |TAMS 0x000000070b100000, 0x000000070b100000| Untracked 
| 140|0x000000070b200000, 0x000000070b200000, 0x000000070b300000|  0%| F|  |TAMS 0x000000070b200000, 0x000000070b200000| Untracked 
| 141|0x000000070b300000, 0x000000070b300000, 0x000000070b400000|  0%| F|  |TAMS 0x000000070b300000, 0x000000070b300000| Untracked 
| 142|0x000000070b400000, 0x000000070b400000, 0x000000070b500000|  0%| F|  |TAMS 0x000000070b400000, 0x000000070b400000| Untracked 
| 143|0x000000070b500000, 0x000000070b500000, 0x000000070b600000|  0%| F|  |TAMS 0x000000070b500000, 0x000000070b500000| Untracked 
| 144|0x000000070b600000, 0x000000070b600000, 0x000000070b700000|  0%| F|  |TAMS 0x000000070b600000, 0x000000070b600000| Untracked 
| 145|0x000000070b700000, 0x000000070b700000, 0x000000070b800000|  0%| F|  |TAMS 0x000000070b700000, 0x000000070b700000| Untracked 
| 146|0x000000070b800000, 0x000000070b800000, 0x000000070b900000|  0%| F|  |TAMS 0x000000070b800000, 0x000000070b800000| Untracked 
| 147|0x000000070b900000, 0x000000070b900000, 0x000000070ba00000|  0%| F|  |TAMS 0x000000070b900000, 0x000000070b900000| Untracked 
| 148|0x000000070ba00000, 0x000000070ba00000, 0x000000070bb00000|  0%| F|  |TAMS 0x000000070ba00000, 0x000000070ba00000| Untracked 
| 149|0x000000070bb00000, 0x000000070bb00000, 0x000000070bc00000|  0%| F|  |TAMS 0x000000070bb00000, 0x000000070bb00000| Untracked 
| 150|0x000000070bc00000, 0x000000070bc00000, 0x000000070bd00000|  0%| F|  |TAMS 0x000000070bc00000, 0x000000070bc00000| Untracked 
| 151|0x000000070bd00000, 0x000000070bd00000, 0x000000070be00000|  0%| F|  |TAMS 0x000000070bd00000, 0x000000070bd00000| Untracked 
| 152|0x000000070be00000, 0x000000070be00000, 0x000000070bf00000|  0%| F|  |TAMS 0x000000070be00000, 0x000000070be00000| Untracked 
| 153|0x000000070bf00000, 0x000000070bf00000, 0x000000070c000000|  0%| F|  |TAMS 0x000000070bf00000, 0x000000070bf00000| Untracked 
| 154|0x000000070c000000, 0x000000070c000000, 0x000000070c100000|  0%| F|  |TAMS 0x000000070c000000, 0x000000070c000000| Untracked 
| 155|0x000000070c100000, 0x000000070c100000, 0x000000070c200000|  0%| F|  |TAMS 0x000000070c100000, 0x000000070c100000| Untracked 
| 156|0x000000070c200000, 0x000000070c200000, 0x000000070c300000|  0%| F|  |TAMS 0x000000070c200000, 0x000000070c200000| Untracked 
| 157|0x000000070c300000, 0x000000070c300000, 0x000000070c400000|  0%| F|  |TAMS 0x000000070c300000, 0x000000070c300000| Untracked 
| 158|0x000000070c400000, 0x000000070c400000, 0x000000070c500000|  0%| F|  |TAMS 0x000000070c400000, 0x000000070c400000| Untracked 
| 159|0x000000070c500000, 0x000000070c500000, 0x000000070c600000|  0%| F|  |TAMS 0x000000070c500000, 0x000000070c500000| Untracked 
| 160|0x000000070c600000, 0x000000070c600000, 0x000000070c700000|  0%| F|  |TAMS 0x000000070c600000, 0x000000070c600000| Untracked 
| 161|0x000000070c700000, 0x000000070c700000, 0x000000070c800000|  0%| F|  |TAMS 0x000000070c700000, 0x000000070c700000| Untracked 
| 162|0x000000070c800000, 0x000000070c800000, 0x000000070c900000|  0%| F|  |TAMS 0x000000070c800000, 0x000000070c800000| Untracked 
| 163|0x000000070c900000, 0x000000070c900000, 0x000000070ca00000|  0%| F|  |TAMS 0x000000070c900000, 0x000000070c900000| Untracked 
| 164|0x000000070ca00000, 0x000000070ca00000, 0x000000070cb00000|  0%| F|  |TAMS 0x000000070ca00000, 0x000000070ca00000| Untracked 
| 165|0x000000070cb00000, 0x000000070cb00000, 0x000000070cc00000|  0%| F|  |TAMS 0x000000070cb00000, 0x000000070cb00000| Untracked 
| 166|0x000000070cc00000, 0x000000070cc00000, 0x000000070cd00000|  0%| F|  |TAMS 0x000000070cc00000, 0x000000070cc00000| Untracked 
| 167|0x000000070cd00000, 0x000000070cd00000, 0x000000070ce00000|  0%| F|  |TAMS 0x000000070cd00000, 0x000000070cd00000| Untracked 
| 168|0x000000070ce00000, 0x000000070ce00000, 0x000000070cf00000|  0%| F|  |TAMS 0x000000070ce00000, 0x000000070ce00000| Untracked 
| 169|0x000000070cf00000, 0x000000070cf00000, 0x000000070d000000|  0%| F|  |TAMS 0x000000070cf00000, 0x000000070cf00000| Untracked 
| 170|0x000000070d000000, 0x000000070d000000, 0x000000070d100000|  0%| F|  |TAMS 0x000000070d000000, 0x000000070d000000| Untracked 
| 171|0x000000070d100000, 0x000000070d100000, 0x000000070d200000|  0%| F|  |TAMS 0x000000070d100000, 0x000000070d100000| Untracked 
| 172|0x000000070d200000, 0x000000070d200000, 0x000000070d300000|  0%| F|  |TAMS 0x000000070d200000, 0x000000070d200000| Untracked 
| 173|0x000000070d300000, 0x000000070d300000, 0x000000070d400000|  0%| F|  |TAMS 0x000000070d300000, 0x000000070d300000| Untracked 
| 174|0x000000070d400000, 0x000000070d400000, 0x000000070d500000|  0%| F|  |TAMS 0x000000070d400000, 0x000000070d400000| Untracked 
| 175|0x000000070d500000, 0x000000070d500000, 0x000000070d600000|  0%| F|  |TAMS 0x000000070d500000, 0x000000070d500000| Untracked 
| 176|0x000000070d600000, 0x000000070d600000, 0x000000070d700000|  0%| F|  |TAMS 0x000000070d600000, 0x000000070d600000| Untracked 
| 177|0x000000070d700000, 0x000000070d700000, 0x000000070d800000|  0%| F|  |TAMS 0x000000070d700000, 0x000000070d700000| Untracked 
| 178|0x000000070d800000, 0x000000070d800000, 0x000000070d900000|  0%| F|  |TAMS 0x000000070d800000, 0x000000070d800000| Untracked 
| 179|0x000000070d900000, 0x000000070d900000, 0x000000070da00000|  0%| F|  |TAMS 0x000000070d900000, 0x000000070d900000| Untracked 
| 180|0x000000070da00000, 0x000000070daa4560, 0x000000070db00000| 64%| S|CS|TAMS 0x000000070da00000, 0x000000070da00000| Complete 
| 181|0x000000070db00000, 0x000000070db00000, 0x000000070dc00000|  0%| F|  |TAMS 0x000000070db00000, 0x000000070db00000| Untracked 
| 182|0x000000070dc00000, 0x000000070dc00000, 0x000000070dd00000|  0%| F|  |TAMS 0x000000070dc00000, 0x000000070dc00000| Untracked 
| 183|0x000000070dd00000, 0x000000070dd00000, 0x000000070de00000|  0%| F|  |TAMS 0x000000070dd00000, 0x000000070dd00000| Untracked 
| 184|0x000000070de00000, 0x000000070de00000, 0x000000070df00000|  0%| F|  |TAMS 0x000000070de00000, 0x000000070de00000| Untracked 
| 185|0x000000070df00000, 0x000000070df00000, 0x000000070e000000|  0%| F|  |TAMS 0x000000070df00000, 0x000000070df00000| Untracked 
| 186|0x000000070e000000, 0x000000070e000000, 0x000000070e100000|  0%| F|  |TAMS 0x000000070e000000, 0x000000070e000000| Untracked 
| 187|0x000000070e100000, 0x000000070e100000, 0x000000070e200000|  0%| F|  |TAMS 0x000000070e100000, 0x000000070e100000| Untracked 
| 188|0x000000070e200000, 0x000000070e200000, 0x000000070e300000|  0%| F|  |TAMS 0x000000070e200000, 0x000000070e200000| Untracked 
| 189|0x000000070e300000, 0x000000070e300000, 0x000000070e400000|  0%| F|  |TAMS 0x000000070e300000, 0x000000070e300000| Untracked 
| 190|0x000000070e400000, 0x000000070e400000, 0x000000070e500000|  0%| F|  |TAMS 0x000000070e400000, 0x000000070e400000| Untracked 
| 191|0x000000070e500000, 0x000000070e500000, 0x000000070e600000|  0%| F|  |TAMS 0x000000070e500000, 0x000000070e500000| Untracked 
| 192|0x000000070e600000, 0x000000070e600000, 0x000000070e700000|  0%| F|  |TAMS 0x000000070e600000, 0x000000070e600000| Untracked 
| 193|0x000000070e700000, 0x000000070e700000, 0x000000070e800000|  0%| F|  |TAMS 0x000000070e700000, 0x000000070e700000| Untracked 
| 194|0x000000070e800000, 0x000000070e800000, 0x000000070e900000|  0%| F|  |TAMS 0x000000070e800000, 0x000000070e800000| Untracked 
| 195|0x000000070e900000, 0x000000070e900000, 0x000000070ea00000|  0%| F|  |TAMS 0x000000070e900000, 0x000000070e900000| Untracked 
| 196|0x000000070ea00000, 0x000000070ea00000, 0x000000070eb00000|  0%| F|  |TAMS 0x000000070ea00000, 0x000000070ea00000| Untracked 
| 197|0x000000070eb00000, 0x000000070eb00000, 0x000000070ec00000|  0%| F|  |TAMS 0x000000070eb00000, 0x000000070eb00000| Untracked 
| 198|0x000000070ec00000, 0x000000070ec00000, 0x000000070ed00000|  0%| F|  |TAMS 0x000000070ec00000, 0x000000070ec00000| Untracked 
| 199|0x000000070ed00000, 0x000000070ed00000, 0x000000070ee00000|  0%| F|  |TAMS 0x000000070ed00000, 0x000000070ed00000| Untracked 
| 200|0x000000070ee00000, 0x000000070ee00000, 0x000000070ef00000|  0%| F|  |TAMS 0x000000070ee00000, 0x000000070ee00000| Untracked 
| 201|0x000000070ef00000, 0x000000070ef00000, 0x000000070f000000|  0%| F|  |TAMS 0x000000070ef00000, 0x000000070ef00000| Untracked 
| 202|0x000000070f000000, 0x000000070f000000, 0x000000070f100000|  0%| F|  |TAMS 0x000000070f000000, 0x000000070f000000| Untracked 
| 203|0x000000070f100000, 0x000000070f100000, 0x000000070f200000|  0%| F|  |TAMS 0x000000070f100000, 0x000000070f100000| Untracked 
| 204|0x000000070f200000, 0x000000070f200000, 0x000000070f300000|  0%| F|  |TAMS 0x000000070f200000, 0x000000070f200000| Untracked 
| 205|0x000000070f300000, 0x000000070f300000, 0x000000070f400000|  0%| F|  |TAMS 0x000000070f300000, 0x000000070f300000| Untracked 
| 206|0x000000070f400000, 0x000000070f400000, 0x000000070f500000|  0%| F|  |TAMS 0x000000070f400000, 0x000000070f400000| Untracked 
| 207|0x000000070f500000, 0x000000070f500000, 0x000000070f600000|  0%| F|  |TAMS 0x000000070f500000, 0x000000070f500000| Untracked 
| 208|0x000000070f600000, 0x000000070f600000, 0x000000070f700000|  0%| F|  |TAMS 0x000000070f600000, 0x000000070f600000| Untracked 
| 209|0x000000070f700000, 0x000000070f700000, 0x000000070f800000|  0%| F|  |TAMS 0x000000070f700000, 0x000000070f700000| Untracked 
| 210|0x000000070f800000, 0x000000070f800000, 0x000000070f900000|  0%| F|  |TAMS 0x000000070f800000, 0x000000070f800000| Untracked 
| 211|0x000000070f900000, 0x000000070f900000, 0x000000070fa00000|  0%| F|  |TAMS 0x000000070f900000, 0x000000070f900000| Untracked 
| 212|0x000000070fa00000, 0x000000070fa00000, 0x000000070fb00000|  0%| F|  |TAMS 0x000000070fa00000, 0x000000070fa00000| Untracked 
| 213|0x000000070fb00000, 0x000000070fb00000, 0x000000070fc00000|  0%| F|  |TAMS 0x000000070fb00000, 0x000000070fb00000| Untracked 
| 214|0x000000070fc00000, 0x000000070fc00000, 0x000000070fd00000|  0%| F|  |TAMS 0x000000070fc00000, 0x000000070fc00000| Untracked 
| 215|0x000000070fd00000, 0x000000070fd00000, 0x000000070fe00000|  0%| F|  |TAMS 0x000000070fd00000, 0x000000070fd00000| Untracked 
| 216|0x000000070fe00000, 0x000000070fe00000, 0x000000070ff00000|  0%| F|  |TAMS 0x000000070fe00000, 0x000000070fe00000| Untracked 
| 217|0x000000070ff00000, 0x000000070ff00000, 0x0000000710000000|  0%| F|  |TAMS 0x000000070ff00000, 0x000000070ff00000| Untracked 
| 218|0x0000000710000000, 0x0000000710000000, 0x0000000710100000|  0%| F|  |TAMS 0x0000000710000000, 0x0000000710000000| Untracked 
| 219|0x0000000710100000, 0x0000000710100000, 0x0000000710200000|  0%| F|  |TAMS 0x0000000710100000, 0x0000000710100000| Untracked 
| 220|0x0000000710200000, 0x0000000710200000, 0x0000000710300000|  0%| F|  |TAMS 0x0000000710200000, 0x0000000710200000| Untracked 
| 221|0x0000000710300000, 0x0000000710300000, 0x0000000710400000|  0%| F|  |TAMS 0x0000000710300000, 0x0000000710300000| Untracked 
| 222|0x0000000710400000, 0x0000000710400000, 0x0000000710500000|  0%| F|  |TAMS 0x0000000710400000, 0x0000000710400000| Untracked 
| 223|0x0000000710500000, 0x0000000710500000, 0x0000000710600000|  0%| F|  |TAMS 0x0000000710500000, 0x0000000710500000| Untracked 
| 224|0x0000000710600000, 0x0000000710600000, 0x0000000710700000|  0%| F|  |TAMS 0x0000000710600000, 0x0000000710600000| Untracked 
| 225|0x0000000710700000, 0x0000000710700000, 0x0000000710800000|  0%| F|  |TAMS 0x0000000710700000, 0x0000000710700000| Untracked 
| 226|0x0000000710800000, 0x0000000710800000, 0x0000000710900000|  0%| F|  |TAMS 0x0000000710800000, 0x0000000710800000| Untracked 
| 227|0x0000000710900000, 0x0000000710900000, 0x0000000710a00000|  0%| F|  |TAMS 0x0000000710900000, 0x0000000710900000| Untracked 
| 228|0x0000000710a00000, 0x0000000710a00000, 0x0000000710b00000|  0%| F|  |TAMS 0x0000000710a00000, 0x0000000710a00000| Untracked 
| 229|0x0000000710b00000, 0x0000000710b00000, 0x0000000710c00000|  0%| F|  |TAMS 0x0000000710b00000, 0x0000000710b00000| Untracked 
| 230|0x0000000710c00000, 0x0000000710c00000, 0x0000000710d00000|  0%| F|  |TAMS 0x0000000710c00000, 0x0000000710c00000| Untracked 
| 231|0x0000000710d00000, 0x0000000710d00000, 0x0000000710e00000|  0%| F|  |TAMS 0x0000000710d00000, 0x0000000710d00000| Untracked 
| 232|0x0000000710e00000, 0x0000000710e00000, 0x0000000710f00000|  0%| F|  |TAMS 0x0000000710e00000, 0x0000000710e00000| Untracked 
| 233|0x0000000710f00000, 0x0000000710f00000, 0x0000000711000000|  0%| F|  |TAMS 0x0000000710f00000, 0x0000000710f00000| Untracked 
| 234|0x0000000711000000, 0x0000000711000000, 0x0000000711100000|  0%| F|  |TAMS 0x0000000711000000, 0x0000000711000000| Untracked 
| 235|0x0000000711100000, 0x0000000711100000, 0x0000000711200000|  0%| F|  |TAMS 0x0000000711100000, 0x0000000711100000| Untracked 
| 236|0x0000000711200000, 0x0000000711200000, 0x0000000711300000|  0%| F|  |TAMS 0x0000000711200000, 0x0000000711200000| Untracked 
| 237|0x0000000711300000, 0x0000000711300000, 0x0000000711400000|  0%| F|  |TAMS 0x0000000711300000, 0x0000000711300000| Untracked 
| 238|0x0000000711400000, 0x0000000711400000, 0x0000000711500000|  0%| F|  |TAMS 0x0000000711400000, 0x0000000711400000| Untracked 
| 239|0x0000000711500000, 0x0000000711500000, 0x0000000711600000|  0%| F|  |TAMS 0x0000000711500000, 0x0000000711500000| Untracked 
| 240|0x0000000711600000, 0x0000000711600000, 0x0000000711700000|  0%| F|  |TAMS 0x0000000711600000, 0x0000000711600000| Untracked 
| 241|0x0000000711700000, 0x0000000711700000, 0x0000000711800000|  0%| F|  |TAMS 0x0000000711700000, 0x0000000711700000| Untracked 
| 242|0x0000000711800000, 0x0000000711800000, 0x0000000711900000|  0%| F|  |TAMS 0x0000000711800000, 0x0000000711800000| Untracked 
| 243|0x0000000711900000, 0x0000000711900000, 0x0000000711a00000|  0%| F|  |TAMS 0x0000000711900000, 0x0000000711900000| Untracked 
| 244|0x0000000711a00000, 0x0000000711a00000, 0x0000000711b00000|  0%| F|  |TAMS 0x0000000711a00000, 0x0000000711a00000| Untracked 
| 245|0x0000000711b00000, 0x0000000711b00000, 0x0000000711c00000|  0%| F|  |TAMS 0x0000000711b00000, 0x0000000711b00000| Untracked 
| 246|0x0000000711c00000, 0x0000000711c00000, 0x0000000711d00000|  0%| F|  |TAMS 0x0000000711c00000, 0x0000000711c00000| Untracked 
| 247|0x0000000711d00000, 0x0000000711d00000, 0x0000000711e00000|  0%| F|  |TAMS 0x0000000711d00000, 0x0000000711d00000| Untracked 
| 248|0x0000000711e00000, 0x0000000711e00000, 0x0000000711f00000|  0%| F|  |TAMS 0x0000000711e00000, 0x0000000711e00000| Untracked 
| 249|0x0000000711f00000, 0x0000000711f00000, 0x0000000712000000|  0%| F|  |TAMS 0x0000000711f00000, 0x0000000711f00000| Untracked 
| 250|0x0000000712000000, 0x0000000712000000, 0x0000000712100000|  0%| F|  |TAMS 0x0000000712000000, 0x0000000712000000| Untracked 
| 251|0x0000000712100000, 0x0000000712100000, 0x0000000712200000|  0%| F|  |TAMS 0x0000000712100000, 0x0000000712100000| Untracked 
| 252|0x0000000712200000, 0x0000000712200000, 0x0000000712300000|  0%| F|  |TAMS 0x0000000712200000, 0x0000000712200000| Untracked 
| 253|0x0000000712300000, 0x0000000712300000, 0x0000000712400000|  0%| F|  |TAMS 0x0000000712300000, 0x0000000712300000| Untracked 

Card table byte_map: [0x0000027c2eb10000,0x0000027c2f300000] _byte_map_base: 0x0000027c2b2fd000

Marking Bits (Prev, Next): (CMBitMap*) 0x0000027c1af9df48, (CMBitMap*) 0x0000027c1af9df80
 Prev Bits: [0x0000027c2faf0000, 0x0000027c33a58000)
 Next Bits: [0x0000027c33a60000, 0x0000027c379c8000)

Polling page: 0x0000027c18d90000

Metaspace:

Usage:
  Non-class:     48.06 MB capacity,    46.93 MB ( 98%) used,   936.45 KB (  2%) free+waste,   221.63 KB ( <1%) overhead. 
      Class:      7.72 MB capacity,     6.99 MB ( 90%) used,   643.30 KB (  8%) free+waste,   109.19 KB (  1%) overhead. 
       Both:     55.79 MB capacity,    53.92 MB ( 97%) used,     1.54 MB (  3%) free+waste,   330.81 KB ( <1%) overhead. 

Virtual space:
  Non-class space:       50.00 MB reserved,      48.08 MB ( 96%) committed 
      Class space:        1.00 GB reserved,       7.75 MB ( <1%) committed 
             Both:        1.05 GB reserved,      55.83 MB (  5%) committed 

Chunk freelists:
   Non-Class:  14.00 KB
       Class:  27.00 KB
        Both:  41.00 KB

MaxMetaspaceSize: 17179869184.00 GB
CompressedClassSpaceSize: 1.00 GB

CodeHeap 'non-profiled nmethods': size=238336Kb used=16814Kb max_used=16814Kb free=221521Kb
 bounds [0x0000027c1f730000, 0x0000027c207a0000, 0x0000027c2dff0000]
CodeHeap 'non-nmethods': size=7424Kb used=1223Kb max_used=1223Kb free=6200Kb
 bounds [0x0000027c1eff0000, 0x0000027c1f260000, 0x0000027c1f730000]
 total_blobs=10113 nmethods=9166 adapters=501
 compilation: enabled
              stopped_count=0, restarted_count=0
 full_count=0

Compilation events (20 events):
Event: 114675.843 Thread 0x0000027c3ae90800 9256       1       jdk.internal.reflect.UnsafeFieldAccessorImpl::ensureObj (23 bytes)
Event: 114675.853 Thread 0x0000027c3ae90800 nmethod 9256 0x0000027c2079b490 code [0x0000027c2079b680, 0x0000027c2079b960]
Event: 149180.994 Thread 0x0000027c3ae90800 9257       1       java.lang.Class::searchFields (43 bytes)
Event: 149180.996 Thread 0x0000027c3ae90800 nmethod 9257 0x0000027c2079bb10 code [0x0000027c2079bcc0, 0x0000027c2079be70]
Event: 162266.975 Thread 0x0000027c3ae90800 9258       1       java.lang.reflect.Field::get (29 bytes)
Event: 162266.979 Thread 0x0000027c3ae90800 nmethod 9258 0x0000027c2079bf90 code [0x0000027c2079c160, 0x0000027c2079c3c0]
Event: 166151.479 Thread 0x0000027c3ae90800 9259       1       sun.nio.ch.SelectorImpl::selectNow (7 bytes)
Event: 166151.480 Thread 0x0000027c3ae90800 nmethod 9259 0x0000027c2079c510 code [0x0000027c2079c6c0, 0x0000027c2079c810]
Event: 166634.184 Thread 0x0000027c3ae90800 9260       1       com.sun.management.GarbageCollectionNotificationInfo::getGcInfo (5 bytes)
Event: 166634.184 Thread 0x0000027c3ae90800 nmethod 9260 0x0000027c2079c890 code [0x0000027c2079ca40, 0x0000027c2079cb58]
Event: 166634.184 Thread 0x0000027c3ae90800 9261       1       java.util.TreeMap$KeySpliterator::characteristics (21 bytes)
Event: 166634.185 Thread 0x0000027c3ae90800 nmethod 9261 0x0000027c2079cc10 code [0x0000027c2079cdc0, 0x0000027c2079cef8]
Event: 182050.136 Thread 0x0000027c3ae90800 9262       1       org.apache.tomcat.util.buf.ByteChunk::<init> (15 bytes)
Event: 182050.143 Thread 0x0000027c3ae90800 nmethod 9262 0x0000027c2079cf90 code [0x0000027c2079d140, 0x0000027c2079d2b8]
Event: 182050.195 Thread 0x0000027c3ae90800 9263       1       org.apache.tomcat.util.buf.CharChunk::<init> (15 bytes)
Event: 182050.196 Thread 0x0000027c3ae90800 nmethod 9263 0x0000027c2079d310 code [0x0000027c2079d4c0, 0x0000027c2079d638]
Event: 182050.196 Thread 0x0000027c3ae90800 9264       1       org.apache.tomcat.util.buf.MessageBytes::<init> (52 bytes)
Event: 182050.198 Thread 0x0000027c3ae90800 nmethod 9264 0x0000027c2079d690 code [0x0000027c2079d840, 0x0000027c2079db38]
Event: 182070.245 Thread 0x0000027c3ae90800 9265       1       ch.qos.logback.core.UnsynchronizedAppenderBase::isStarted (5 bytes)
Event: 182070.247 Thread 0x0000027c3ae90800 nmethod 9265 0x0000027c2079dc10 code [0x0000027c2079ddc0, 0x0000027c2079ded8]

GC Heap History (20 events):
Event: 144755.513 GC heap before
{Heap before GC invocations=46 (full 0):
 garbage-first heap   total 260096K, used 181640K [0x0000000702600000, 0x0000000800000000)
  region size 1024K, 152 young (155648K), 1 survivors (1024K)
 Metaspace       used 55186K, capacity 57127K, committed 57168K, reserved 1099776K
  class space    used 7149K, capacity 7909K, committed 7936K, reserved 1048576K
}
Event: 144755.515 GC heap after
{Heap after GC invocations=47 (full 0):
 garbage-first heap   total 260096K, used 27009K [0x0000000702600000, 0x0000000800000000)
  region size 1024K, 1 young (1024K), 1 survivors (1024K)
 Metaspace       used 55186K, capacity 57127K, committed 57168K, reserved 1099776K
  class space    used 7149K, capacity 7909K, committed 7936K, reserved 1048576K
}
Event: 149180.992 GC heap before
{Heap before GC invocations=47 (full 0):
 garbage-first heap   total 260096K, used 181633K [0x0000000702600000, 0x0000000800000000)
  region size 1024K, 152 young (155648K), 1 survivors (1024K)
 Metaspace       used 55186K, capacity 57127K, committed 57168K, reserved 1099776K
  class space    used 7149K, capacity 7909K, committed 7936K, reserved 1048576K
}
Event: 149180.993 GC heap after
{Heap after GC invocations=48 (full 0):
 garbage-first heap   total 260096K, used 27015K [0x0000000702600000, 0x0000000800000000)
  region size 1024K, 1 young (1024K), 1 survivors (1024K)
 Metaspace       used 55186K, capacity 57127K, committed 57168K, reserved 1099776K
  class space    used 7149K, capacity 7909K, committed 7936K, reserved 1048576K
}
Event: 153536.355 GC heap before
{Heap before GC invocations=48 (full 0):
 garbage-first heap   total 260096K, used 180615K [0x0000000702600000, 0x0000000800000000)
  region size 1024K, 152 young (155648K), 1 survivors (1024K)
 Metaspace       used 55186K, capacity 57127K, committed 57168K, reserved 1099776K
  class space    used 7149K, capacity 7909K, committed 7936K, reserved 1048576K
}
Event: 153536.361 GC heap after
{Heap after GC invocations=49 (full 0):
 garbage-first heap   total 260096K, used 27015K [0x0000000702600000, 0x0000000800000000)
  region size 1024K, 1 young (1024K), 1 survivors (1024K)
 Metaspace       used 55186K, capacity 57127K, committed 57168K, reserved 1099776K
  class space    used 7149K, capacity 7909K, committed 7936K, reserved 1048576K
}
Event: 157902.769 GC heap before
{Heap before GC invocations=49 (full 0):
 garbage-first heap   total 260096K, used 180615K [0x0000000702600000, 0x0000000800000000)
  region size 1024K, 152 young (155648K), 1 survivors (1024K)
 Metaspace       used 55186K, capacity 57127K, committed 57168K, reserved 1099776K
  class space    used 7149K, capacity 7909K, committed 7936K, reserved 1048576K
}
Event: 157902.776 GC heap after
{Heap after GC invocations=50 (full 0):
 garbage-first heap   total 260096K, used 27013K [0x0000000702600000, 0x0000000800000000)
  region size 1024K, 1 young (1024K), 1 survivors (1024K)
 Metaspace       used 55186K, capacity 57127K, committed 57168K, reserved 1099776K
  class space    used 7149K, capacity 7909K, committed 7936K, reserved 1048576K
}
Event: 162266.969 GC heap before
{Heap before GC invocations=50 (full 0):
 garbage-first heap   total 260096K, used 180613K [0x0000000702600000, 0x0000000800000000)
  region size 1024K, 152 young (155648K), 1 survivors (1024K)
 Metaspace       used 55186K, capacity 57127K, committed 57168K, reserved 1099776K
  class space    used 7149K, capacity 7909K, committed 7936K, reserved 1048576K
}
Event: 162266.973 GC heap after
{Heap after GC invocations=51 (full 0):
 garbage-first heap   total 260096K, used 27017K [0x0000000702600000, 0x0000000800000000)
  region size 1024K, 1 young (1024K), 1 survivors (1024K)
 Metaspace       used 55186K, capacity 57127K, committed 57168K, reserved 1099776K
  class space    used 7149K, capacity 7909K, committed 7936K, reserved 1048576K
}
Event: 166634.176 GC heap before
{Heap before GC invocations=51 (full 0):
 garbage-first heap   total 260096K, used 180617K [0x0000000702600000, 0x0000000800000000)
  region size 1024K, 152 young (155648K), 1 survivors (1024K)
 Metaspace       used 55186K, capacity 57127K, committed 57168K, reserved 1099776K
  class space    used 7149K, capacity 7909K, committed 7936K, reserved 1048576K
}
Event: 166634.179 GC heap after
{Heap after GC invocations=52 (full 0):
 garbage-first heap   total 260096K, used 27009K [0x0000000702600000, 0x0000000800000000)
  region size 1024K, 1 young (1024K), 1 survivors (1024K)
 Metaspace       used 55186K, capacity 57127K, committed 57168K, reserved 1099776K
  class space    used 7149K, capacity 7909K, committed 7936K, reserved 1048576K
}
Event: 171127.282 GC heap before
{Heap before GC invocations=52 (full 0):
 garbage-first heap   total 260096K, used 181633K [0x0000000702600000, 0x0000000800000000)
  region size 1024K, 152 young (155648K), 1 survivors (1024K)
 Metaspace       used 55186K, capacity 57127K, committed 57168K, reserved 1099776K
  class space    used 7149K, capacity 7909K, committed 7936K, reserved 1048576K
}
Event: 171127.284 GC heap after
{Heap after GC invocations=53 (full 0):
 garbage-first heap   total 260096K, used 27028K [0x0000000702600000, 0x0000000800000000)
  region size 1024K, 1 young (1024K), 1 survivors (1024K)
 Metaspace       used 55186K, capacity 57127K, committed 57168K, reserved 1099776K
  class space    used 7149K, capacity 7909K, committed 7936K, reserved 1048576K
}
Event: 175550.803 GC heap before
{Heap before GC invocations=53 (full 0):
 garbage-first heap   total 260096K, used 180628K [0x0000000702600000, 0x0000000800000000)
  region size 1024K, 152 young (155648K), 1 survivors (1024K)
 Metaspace       used 55186K, capacity 57127K, committed 57168K, reserved 1099776K
  class space    used 7149K, capacity 7909K, committed 7936K, reserved 1048576K
}
Event: 175550.813 GC heap after
{Heap after GC invocations=54 (full 0):
 garbage-first heap   total 260096K, used 27024K [0x0000000702600000, 0x0000000800000000)
  region size 1024K, 1 young (1024K), 1 survivors (1024K)
 Metaspace       used 55186K, capacity 57127K, committed 57168K, reserved 1099776K
  class space    used 7149K, capacity 7909K, committed 7936K, reserved 1048576K
}
Event: 179959.759 GC heap before
{Heap before GC invocations=54 (full 0):
 garbage-first heap   total 260096K, used 180624K [0x0000000702600000, 0x0000000800000000)
  region size 1024K, 152 young (155648K), 1 survivors (1024K)
 Metaspace       used 55186K, capacity 57127K, committed 57168K, reserved 1099776K
  class space    used 7149K, capacity 7909K, committed 7936K, reserved 1048576K
}
Event: 179959.760 GC heap after
{Heap after GC invocations=55 (full 0):
 garbage-first heap   total 260096K, used 27020K [0x0000000702600000, 0x0000000800000000)
  region size 1024K, 1 young (1024K), 1 survivors (1024K)
 Metaspace       used 55186K, capacity 57127K, committed 57168K, reserved 1099776K
  class space    used 7149K, capacity 7909K, committed 7936K, reserved 1048576K
}
Event: 182070.274 GC heap before
{Heap before GC invocations=55 (full 0):
 garbage-first heap   total 260096K, used 100748K [0x0000000702600000, 0x0000000800000000)
  region size 1024K, 74 young (75776K), 1 survivors (1024K)
 Metaspace       used 55216K, capacity 57127K, committed 57168K, reserved 1099776K
  class space    used 7156K, capacity 7909K, committed 7936K, reserved 1048576K
}
Event: 182070.328 GC heap after
{Heap after GC invocations=56 (full 0):
 garbage-first heap   total 260096K, used 27651K [0x0000000702600000, 0x0000000800000000)
  region size 1024K, 1 young (1024K), 1 survivors (1024K)
 Metaspace       used 55216K, capacity 57127K, committed 57168K, reserved 1099776K
  class space    used 7156K, capacity 7909K, committed 7936K, reserved 1048576K
}

Deoptimization events (6 events):
Event: 5.389 Thread 0x0000027c1af3a000 DEOPT PACKING pc=0x0000027c1fa29173 sp=0x000000f118cfa400
Event: 5.389 Thread 0x0000027c1af3a000 DEOPT UNPACKING pc=0x0000027c1f018fce sp=0x000000f118cf9908 mode 3
Event: 5.461 Thread 0x0000027c1af3a000 DEOPT PACKING pc=0x0000027c1f7988d4 sp=0x000000f118cf83c0
Event: 5.461 Thread 0x0000027c1af3a000 DEOPT UNPACKING pc=0x0000027c1f018fce sp=0x000000f118cf7888 mode 0
Event: 15.343 Thread 0x0000027c3ec18000 DEOPT PACKING pc=0x0000027c1f8d2c2c sp=0x000000f11abf95b0
Event: 15.343 Thread 0x0000027c3ec18000 DEOPT UNPACKING pc=0x0000027c1f018fce sp=0x000000f11abf8ac8 mode 0

Classes redefined (0 events):
No events

Internal exceptions (20 events):
Event: 181970.108 Thread 0x0000027c3eff2000 Exception <a 'java/net/SocketTimeoutException'{0x000000070df98a88}: Read timed out> (0x000000070df98a88) thrown at [c:/BuildAgent/work/5ff2f6c26000d570/src/hotspot/share/prims/jni.cpp, line 636]
Event: 181980.119 Thread 0x0000027c3eff1800 Exception <a 'java/net/SocketTimeoutException'{0x000000070dfdd8f0}: Read timed out> (0x000000070dfdd8f0) thrown at [c:/BuildAgent/work/5ff2f6c26000d570/src/hotspot/share/prims/jni.cpp, line 636]
Event: 181990.130 Thread 0x0000027c3eff3000 Exception <a 'java/net/SocketTimeoutException'{0x000000070de11928}: Read timed out> (0x000000070de11928) thrown at [c:/BuildAgent/work/5ff2f6c26000d570/src/hotspot/share/prims/jni.cpp, line 636]
Event: 181990.197 Thread 0x0000027c3eaee000 Exception <a 'java/net/SocketTimeoutException'{0x000000070de2c758}: Read timed out> (0x000000070de2c758) thrown at [c:/BuildAgent/work/5ff2f6c26000d570/src/hotspot/share/prims/jni.cpp, line 636]
Event: 182010.189 Thread 0x0000027c3eaef000 Exception <a 'java/net/SocketException'{0x000000070dccfff8}: No buffer space available (maximum connections reached?): connect> (0x000000070dccfff8) thrown at [c:/BuildAgent/work/5ff2f6c26000d570/src/hotspot/share/prims/jni.cpp, line 636]
Event: 182010.199 Thread 0x0000027c3eae9000 Exception <a 'java/net/SocketException'{0x000000070dcf5898}: No buffer space available (maximum connections reached?): connect> (0x000000070dcf5898) thrown at [c:/BuildAgent/work/5ff2f6c26000d570/src/hotspot/share/prims/jni.cpp, line 636]
Event: 182070.198 Thread 0x0000027c3eff1800 Exception <a 'java/lang/StackOverflowError'{0x000000070dbc67c8}> (0x000000070dbc67c8) thrown at [c:/BuildAgent/work/5ff2f6c26000d570/src/hotspot/share/interpreter/interpreterRuntime.cpp, line 407]
Event: 182070.198 Thread 0x0000027c3eff1800 Exception <a 'java/lang/StackOverflowError'{0x000000070dbc67c8}> (0x000000070dbc67c8) thrown at [c:/BuildAgent/work/5ff2f6c26000d570/src/hotspot/share/prims/jvm.cpp, line 1301]
Event: 182070.224 Thread 0x0000027c3eaec800 Exception <a 'java/net/SocketException'{0x000000070dd05bc0}: Socket closed> (0x000000070dd05bc0) thrown at [c:/BuildAgent/work/5ff2f6c26000d570/src/hotspot/share/prims/jni.cpp, line 636]
Event: 182070.225 Thread 0x0000027c3eaeb800 Exception <a 'java/net/SocketException'{0x000000070dc4af08}: Socket closed> (0x000000070dc4af08) thrown at [c:/BuildAgent/work/5ff2f6c26000d570/src/hotspot/share/prims/jni.cpp, line 636]
Event: 182070.227 Thread 0x0000027c3eff3000 Exception <a 'java/net/SocketException'{0x000000070de12560}: Socket closed> (0x000000070de12560) thrown at [c:/BuildAgent/work/5ff2f6c26000d570/src/hotspot/share/prims/jni.cpp, line 636]
Event: 182070.229 Thread 0x0000027c3eaec800 StackOverflowError at 0x0000027c1f794800
Event: 182070.230 Thread 0x0000027c3eaec800 Exception <a 'java/lang/StackOverflowError'{0x000000070dd065e0}> (0x000000070dd065e0) thrown at [c:/BuildAgent/work/5ff2f6c26000d570/src/hotspot/share/runtime/sharedRuntime.cpp, line 584]
Event: 182070.233 Thread 0x0000027c3eaed000 Exception <a 'java/net/SocketException'{0x000000070db4f288}: Socket closed> (0x000000070db4f288) thrown at [c:/BuildAgent/work/5ff2f6c26000d570/src/hotspot/share/prims/jni.cpp, line 636]
Event: 182070.235 Thread 0x0000027c3eff6000 Exception <a 'java/net/SocketException'{0x000000070db9ee68}: Socket closed> (0x000000070db9ee68) thrown at [c:/BuildAgent/work/5ff2f6c26000d570/src/hotspot/share/prims/jni.cpp, line 636]
Event: 182070.239 Thread 0x0000027c3eaee000 Exception <a 'java/net/SocketException'{0x000000070de2d390}: Socket closed> (0x000000070de2d390) thrown at [c:/BuildAgent/work/5ff2f6c26000d570/src/hotspot/share/prims/jni.cpp, line 636]
Event: 182070.240 Thread 0x0000027c3eaef000 Exception <a 'java/net/SocketException'{0x000000070dce6f80}: Socket closed> (0x000000070dce6f80) thrown at [c:/BuildAgent/work/5ff2f6c26000d570/src/hotspot/share/prims/jni.cpp, line 636]
Event: 182070.240 Thread 0x0000027c3eae9000 Exception <a 'java/net/SocketException'{0x000000070db08f70}: Socket closed> (0x000000070db08f70) thrown at [c:/BuildAgent/work/5ff2f6c26000d570/src/hotspot/share/prims/jni.cpp, line 636]
Event: 182070.241 Thread 0x0000027c3eff2000 Exception <a 'java/net/SocketException'{0x000000070db80940}: Socket closed> (0x000000070db80940) thrown at [c:/BuildAgent/work/5ff2f6c26000d570/src/hotspot/share/prims/jni.cpp, line 636]
Event: 182070.244 Thread 0x0000027c3eaea800 Exception <a 'java/net/SocketException'{0x000000070dd84078}: Socket closed> (0x000000070dd84078) thrown at [c:/BuildAgent/work/5ff2f6c26000d570/src/hotspot/share/prims/jni.cpp, line 636]

Events (20 events):
Event: 182070.240 Executing VM operation: RevokeBias done
Event: 182070.240 Executing VM operation: RevokeBias
Event: 182070.240 Executing VM operation: RevokeBias done
Event: 182070.240 Executing VM operation: RevokeBias
Event: 182070.241 Executing VM operation: RevokeBias done
Event: 182070.241 Executing VM operation: RevokeBias
Event: 182070.241 Executing VM operation: RevokeBias done
Event: 182070.241 Executing VM operation: RevokeBias
Event: 182070.241 loading class java/lang/reflect/UndeclaredThrowableException
Event: 182070.243 loading class java/lang/reflect/UndeclaredThrowableException done
Event: 182070.244 Executing VM operation: RevokeBias done
Event: 182070.249 loading class com/ecwid/consul/v1/OperationException
Event: 182070.249 loading class com/ecwid/consul/v1/OperationException done
Event: 182070.252 loading class ch/qos/logback/classic/spi/ThrowableProxy
Event: 182070.252 loading class ch/qos/logback/classic/spi/ThrowableProxy done
Event: 182070.267 loading class com/ecwid/consul/ConsulException
Event: 182070.267 loading class com/ecwid/consul/ConsulException done
Event: 182070.273 Executing VM operation: CollectForMetadataAllocation
Event: 182070.273 loading class org/springframework/web/util/NestedServletException
Event: 182070.273 loading class org/springframework/web/util/NestedServletException done


Dynamic libraries:
0x00007ff621ad0000 - 0x00007ff621ada000 	E:\SpringCloud\ideaIU-2019.3.4.win\jbr\bin\java.exe
0x00007ff8f7f40000 - 0x00007ff8f812d000 	C:\Windows\SYSTEM32\ntdll.dll
0x00007ff8f7ad0000 - 0x00007ff8f7b83000 	C:\Windows\System32\KERNEL32.DLL
0x00007ff8f45d0000 - 0x00007ff8f4864000 	C:\Windows\System32\KERNELBASE.dll
0x00007ff8f4420000 - 0x00007ff8f451a000 	C:\Windows\System32\ucrtbase.dll
0x00007ff8cb300000 - 0x00007ff8cb317000 	E:\SpringCloud\ideaIU-2019.3.4.win\jbr\bin\VCRUNTIME140.dll
0x00007ff8b4b30000 - 0x00007ff8b4b49000 	E:\SpringCloud\ideaIU-2019.3.4.win\jbr\bin\jli.dll
0x00007ff8f7d40000 - 0x00007ff8f7ed7000 	C:\Windows\System32\USER32.dll
0x00007ff8f5120000 - 0x00007ff8f5140000 	C:\Windows\System32\win32u.dll
0x00007ff8f7210000 - 0x00007ff8f7239000 	C:\Windows\System32\GDI32.dll
0x00007ff8f3ff0000 - 0x00007ff8f418c000 	C:\Windows\System32\gdi32full.dll
0x00007ff8f4920000 - 0x00007ff8f49c0000 	C:\Windows\System32\msvcp_win.dll
0x00007ff8d6990000 - 0x00007ff8d6c09000 	C:\Windows\WinSxS\amd64_microsoft.windows.common-controls_6595b64144ccf1df_6.0.17763.1457_none_de7243e4534a70d1\COMCTL32.dll
0x00007ff8f53a0000 - 0x00007ff8f543e000 	C:\Windows\System32\msvcrt.dll
0x00007ff8f7790000 - 0x00007ff8f7abd000 	C:\Windows\System32\combase.dll
0x00007ff8f7450000 - 0x00007ff8f7572000 	C:\Windows\System32\RPCRT4.dll
0x00007ff8f48a0000 - 0x00007ff8f491e000 	C:\Windows\System32\bcryptPrimitives.dll
0x00007ff8f7ee0000 - 0x00007ff8f7f0e000 	C:\Windows\System32\IMM32.DLL
0x00007ff86bab0000 - 0x00007ff86bb4d000 	E:\SpringCloud\ideaIU-2019.3.4.win\jbr\bin\msvcp140.dll
0x00007ff86a0d0000 - 0x00007ff86ab8d000 	E:\SpringCloud\ideaIU-2019.3.4.win\jbr\bin\server\jvm.dll
0x00007ff8f72e0000 - 0x00007ff8f7383000 	C:\Windows\System32\ADVAPI32.dll
0x00007ff8f76f0000 - 0x00007ff8f778e000 	C:\Windows\System32\sechost.dll
0x00007ff8f7ac0000 - 0x00007ff8f7ac8000 	C:\Windows\System32\PSAPI.DLL
0x00007ff8f05a0000 - 0x00007ff8f05c4000 	C:\Windows\SYSTEM32\WINMM.dll
0x00007ff8e82e0000 - 0x00007ff8e82ea000 	C:\Windows\SYSTEM32\VERSION.dll
0x00007ff8e2d30000 - 0x00007ff8e2d39000 	C:\Windows\SYSTEM32\WSOCK32.dll
0x00007ff8f7240000 - 0x00007ff8f72ad000 	C:\Windows\System32\WS2_32.dll
0x00007ff8f0570000 - 0x00007ff8f059d000 	C:\Windows\SYSTEM32\WINMMBASE.dll
0x00007ff8f43d0000 - 0x00007ff8f441a000 	C:\Windows\System32\cfgmgr32.dll
0x00007ff8f3f20000 - 0x00007ff8f3f31000 	C:\Windows\System32\kernel.appcore.dll
0x00007ff8b5e00000 - 0x00007ff8b5e11000 	E:\SpringCloud\ideaIU-2019.3.4.win\jbr\bin\verify.dll
0x00007ff8f28d0000 - 0x00007ff8f2abd000 	C:\Windows\SYSTEM32\DBGHELP.DLL
0x00007ff8e1180000 - 0x00007ff8e11aa000 	C:\Windows\SYSTEM32\dbgcore.DLL
0x00007ff8b5100000 - 0x00007ff8b5129000 	E:\SpringCloud\ideaIU-2019.3.4.win\jbr\bin\java.dll
0x00007ff8cce90000 - 0x00007ff8cce9f000 	E:\SpringCloud\ideaIU-2019.3.4.win\jbr\bin\instrument.dll
0x00007ff8b4ac0000 - 0x00007ff8b4ad8000 	E:\SpringCloud\ideaIU-2019.3.4.win\jbr\bin\zip.dll
0x00007ff8ccc80000 - 0x00007ff8ccc8b000 	E:\SpringCloud\ideaIU-2019.3.4.win\jbr\bin\jimage.dll
0x00007ff8f5980000 - 0x00007ff8f6e79000 	C:\Windows\System32\SHELL32.dll
0x00007ff8f52f0000 - 0x00007ff8f5399000 	C:\Windows\System32\shcore.dll
0x00007ff8f49c0000 - 0x00007ff8f5112000 	C:\Windows\System32\windows.storage.dll
0x00007ff8f3fc0000 - 0x00007ff8f3fe4000 	C:\Windows\System32\profapi.dll
0x00007ff8f3f40000 - 0x00007ff8f3f9d000 	C:\Windows\System32\powrprof.dll
0x00007ff8f5290000 - 0x00007ff8f52e2000 	C:\Windows\System32\shlwapi.dll
0x00007ff8f5140000 - 0x00007ff8f5157000 	C:\Windows\System32\cryptsp.dll
0x00007ff8b3e00000 - 0x00007ff8b3e1a000 	E:\SpringCloud\ideaIU-2019.3.4.win\jbr\bin\net.dll
0x00007ff8eb9a0000 - 0x00007ff8eba92000 	C:\Windows\SYSTEM32\WINHTTP.dll
0x00007ff8f36d0000 - 0x00007ff8f3737000 	C:\Windows\system32\mswsock.dll
0x00007ff8b3de0000 - 0x00007ff8b3df4000 	E:\SpringCloud\ideaIU-2019.3.4.win\jbr\bin\nio.dll
0x00007ff8a6560000 - 0x00007ff8a657a000 	E:\SpringCloud\ideaIU-2019.3.4.win\bin\breakgen64.dll
0x00007ff8d3740000 - 0x00007ff8d38ba000 	C:\Program Files (x86)\Sangfor\SSL\ClientComponent\SangforTcpX64.dll
0x00007ff8f70b0000 - 0x00007ff8f7206000 	C:\Windows\System32\ole32.dll
0x00007ff8f6f60000 - 0x00007ff8f7024000 	C:\Windows\System32\OLEAUT32.dll
0x00007ff8f4190000 - 0x00007ff8f41e9000 	C:\Windows\System32\WINTRUST.dll
0x00007ff8f3fa0000 - 0x00007ff8f3fb2000 	C:\Windows\System32\MSASN1.dll
0x00007ff8f41f0000 - 0x00007ff8f43cc000 	C:\Windows\System32\CRYPT32.dll
0x00007ff8df520000 - 0x00007ff8df54d000 	C:\Program Files (x86)\Sangfor\SSL\ClientComponent\SangforNspX64.dll
0x00007ff8f3440000 - 0x00007ff8f3507000 	C:\Windows\SYSTEM32\DNSAPI.dll
0x00007ff8f7440000 - 0x00007ff8f7448000 	C:\Windows\System32\NSI.dll
0x00007ff8f3400000 - 0x00007ff8f343d000 	C:\Windows\SYSTEM32\IPHLPAPI.DLL
0x00000000694b0000 - 0x00000000694e5000 	C:\Program Files\Bonjour\mdnsNSP.dll
0x00007ff8dfb90000 - 0x00007ff8dfb9a000 	C:\Windows\System32\rasadhlp.dll
0x00007ff8ec130000 - 0x00007ff8ec1a9000 	C:\Windows\System32\fwpuclnt.dll
0x00007ff8f4870000 - 0x00007ff8f4896000 	C:\Windows\System32\bcrypt.dll
0x00007ff8cc8a0000 - 0x00007ff8cc8aa000 	E:\SpringCloud\ideaIU-2019.3.4.win\jbr\bin\management.dll
0x00007ff8cb240000 - 0x00007ff8cb24c000 	E:\SpringCloud\ideaIU-2019.3.4.win\jbr\bin\management_ext.dll
0x00007ff8f3260000 - 0x00007ff8f3293000 	C:\Windows\system32\rsaenh.dll
0x00007ff8f3e10000 - 0x00007ff8f3e38000 	C:\Windows\SYSTEM32\USERENV.dll
0x00007ff8f3850000 - 0x00007ff8f385c000 	C:\Windows\SYSTEM32\CRYPTBASE.dll
0x00007ff8f26e0000 - 0x00007ff8f26f6000 	C:\Windows\SYSTEM32\dhcpcsvc6.DLL
0x00007ff8f26c0000 - 0x00007ff8f26dc000 	C:\Windows\SYSTEM32\dhcpcsvc.DLL
0x00007ff8df710000 - 0x00007ff8df726000 	C:\Windows\system32\napinsp.dll
0x00007ff8df3f0000 - 0x00007ff8df40a000 	C:\Windows\system32\pnrpnsp.dll
0x00007ff8df510000 - 0x00007ff8df51e000 	C:\Windows\System32\winrnr.dll
0x00007ff8e7f70000 - 0x00007ff8e7f8b000 	C:\Windows\system32\NLAapi.dll
0x00007ff8e8460000 - 0x00007ff8e8475000 	C:\Windows\system32\wshbth.dll
0x00007ff8b3db0000 - 0x00007ff8b3dd8000 	E:\SpringCloud\ideaIU-2019.3.4.win\jbr\bin\sunec.dll

dbghelp: loaded successfully - version: 4.0.5 - missing functions: none
symbol engine: initialized successfully - sym options: 0x614 - pdb path: .;E:\SpringCloud\ideaIU-2019.3.4.win\jbr\bin;C:\Windows\SYSTEM32;C:\Windows\WinSxS\amd64_microsoft.windows.common-controls_6595b64144ccf1df_6.0.17763.1457_none_de7243e4534a70d1;E:\SpringCloud\ideaIU-2019.3.4.win\jbr\bin\server;E:\SpringCloud\ideaIU-2019.3.4.win\bin;C:\Program Files (x86)\Sangfor\SSL\ClientComponent;C:\Program Files\Bonjour

VM Arguments:
jvm_args: -XX:TieredStopAtLevel=1 -Xverify:none -Dspring.output.ansi.enabled=always -Dcom.sun.management.jmxremote -Dspring.jmx.enabled=true -Dspring.liveBeansView.mbeanDomain -Dspring.application.admin.enabled=true -javaagent:E:\SpringCloud\ideaIU-2019.3.4.win\lib\idea_rt.jar=60816:E:\SpringCloud\ideaIU-2019.3.4.win\bin -Dfile.encoding=UTF-8 
java_command: com.cit.lotus.lineservice.LineServiceApplication
java_class_path (initial): E:\SpringCloud\project\lotus\line-service\target\classes;C:\Users\guotao7\.m2\repository\org\springframework\cloud\spring-cloud-starter-consul-config\2.2.3.RELEASE\spring-cloud-starter-consul-config-2.2.3.RELEASE.jar;C:\Users\guotao7\.m2\repository\org\springframework\cloud\spring-cloud-starter-consul\2.2.3.RELEASE\spring-cloud-starter-consul-2.2.3.RELEASE.jar;C:\Users\guotao7\.m2\repository\org\springframework\cloud\spring-cloud-starter\2.2.3.RELEASE\spring-cloud-starter-2.2.3.RELEASE.jar;C:\Users\guotao7\.m2\repository\org\springframework\cloud\spring-cloud-context\2.2.3.RELEASE\spring-cloud-context-2.2.3.RELEASE.jar;C:\Users\guotao7\.m2\repository\org\springframework\security\spring-security-crypto\5.3.3.RELEASE\spring-security-crypto-5.3.3.RELEASE.jar;C:\Users\guotao7\.m2\repository\org\springframework\cloud\spring-cloud-commons\2.2.3.RELEASE\spring-cloud-commons-2.2.3.RELEASE.jar;C:\Users\guotao7\.m2\repository\org\springframework\security\spring-security-rsa\1.0.9.RELEASE\spring-security-rsa-1.0.9.RELEASE.jar;C:\Users\guotao7\.m2\repository\org\bouncycastle\bcpkix-jdk15on\1.64\bcpkix-jdk15on-1.64.jar;C:\Users\guotao7\.m2\repository\org\bouncycastle\bcprov-jdk15on\1.64\bcprov-jdk15on-1.64.jar;C:\Users\guotao7\.m2\repository\org\springframework\cloud\spring-cloud-consul-core\2.2.3.RELEASE\spring-cloud-consul-core-2.2.3.RELEASE.jar;C:\Users\guotao7\.m2\repository\org\springframework\boot\spring-boot-starter-validation\2.3.1.RELEASE\spring-boot-starter-validation-2.3.1.RELEASE.jar;C:\Users\guotao7\.m2\repository\org\hibernate\validator\hibernate-validator\6.1.5.Final\hibernate-validator-6.1.5.Final.jar;C:\Users\guotao7\.m2\repository\jakarta\validation\jakarta.validation-api\2.0.2\jakarta.validation-api-2.0.2.jar;C:\Users\guotao7\.m2\repository\org\jboss\logging\jboss-logging\3.4.1.Final\jboss-logging-3.4.1.Final.jar;C:\Users\guotao7\.m2\repository\com\fasterxml\classmate\1.5.1\classmate-1.5.1.jar;C:\Users\guotao7\.m2\repository\com\ec
Launcher Type: SUN_STANDARD

[Global flags]
     bool BytecodeVerificationLocal                = false                                     {product} {command line}
     bool BytecodeVerificationRemote               = false                                     {product} {command line}
     intx CICompilerCount                          = 4                                         {product} {ergonomic}
     uint ConcGCThreads                            = 2                                         {product} {ergonomic}
     uint G1ConcRefinementThreads                  = 8                                         {product} {ergonomic}
   size_t G1HeapRegionSize                         = 1048576                                   {product} {ergonomic}
    uintx GCDrainStackTargetSize                   = 64                                        {product} {ergonomic}
   size_t InitialHeapSize                          = 266338304                                 {product} {ergonomic}
     bool ManagementServer                         = true                                      {product} {command line}
   size_t MarkStackSize                            = 4194304                                   {product} {ergonomic}
   size_t MaxHeapSize                              = 4255121408                                {product} {ergonomic}
   size_t MaxNewSize                               = 2552233984                                {product} {ergonomic}
   size_t MinHeapDeltaBytes                        = 1048576                                   {product} {ergonomic}
    uintx NonNMethodCodeHeapSize                   = 7549744                                {pd product} {ergonomic}
    uintx NonProfiledCodeHeapSize                  = 244108496                              {pd product} {ergonomic}
    uintx ProfiledCodeHeapSize                     = 0                                      {pd product} {ergonomic}
    uintx ReservedCodeCacheSize                    = 251658240                              {pd product} {ergonomic}
     bool SegmentedCodeCache                       = true                                      {product} {ergonomic}
     intx TieredStopAtLevel                        = 1                                         {product} {command line}
     bool UseCompressedClassPointers               = true                                 {lp64_product} {ergonomic}
     bool UseCompressedOops                        = true                                 {lp64_product} {ergonomic}
     bool UseG1GC                                  = true                                      {product} {ergonomic}
     bool UseLargePagesIndividualAllocation        = false                                  {pd product} {ergonomic}

Logging:
Log output configuration:
 #0: stdout all=warning uptime,level,tags
 #1: stderr all=off uptime,level,tags

Environment Variables:
JAVA_HOME=D:\Program Files\Java\jdk1.8.0_162\
PATH=D:\Program Files\Python38\Scripts\;D:\Program Files\Python38\;C:\ProgramData\Oracle\Java\javapath;C:\Program Files\Common Files\Microsoft Shared\Microsoft Online Services;C:\Program Files (x86)\Common Files\Microsoft Shared\Microsoft Online Services;C:\Windows\system32;C:\Windows;C:\Windows\System32\Wbem;C:\Windows\System32\WindowsPowerShell\v1.0\;C:\Windows\System32\OpenSSH\;C:\Program Files (x86)\Intel\Intel(R) Management Engine Components\DAL;C:\Program Files\Intel\Intel(R) Management Engine Components\DAL;D:\Program Files\Git\cmd;D:\D\ionic\gradle-2.14.1\bin\;;C:\Program Files\Docker\Docker\resources\bin;C:\ProgramData\DockerDesktop\version-bin;D:\Program Files\nodejs\;D:\Program Files\PuTTY\;C:\Program Files\dotnet\;C:\Program Files\MySQL\MySQL Shell 8.0\bin\;C:\Users\guotao7\AppData\Local\Microsoft\WindowsApps;D:\Program Files\Microsoft VS Code\bin;C:\Users\guotao7\AppData\Roaming\npm;C:\Program Files\MySQL\MySQL Server 8.0\bin;C:\Users\guotao7\.dotnet\tools
USERNAME=GuoTao7
OS=Windows_NT
PROCESSOR_IDENTIFIER=Intel64 Family 6 Model 142 Stepping 10, GenuineIntel



---------------  S Y S T E M  ---------------

OS: Windows 10 , 64 bit Build 17763 (10.0.17763.475)
HyperV virtualization detected

CPU:total 8 (initial active 8) (4 cores per cpu, 2 threads per core) family 6 model 142 stepping 10, cmov, cx8, fxsr, mmx, sse, sse2, sse3, ssse3, sse4.1, sse4.2, popcnt, avx, avx2, aes, clmul, erms, 3dnowpref, lzcnt, ht, tsc, tscinvbit, bmi1, bmi2, adx, fma

Memory: 4k page, system-wide physical 16227M (762M free)
TotalPageFile size 30228M (AvailPageFile size 0M)
current process WorkingSet (physical memory assigned to process): 189M, peak: 327M
current process commit charge ("private bytes"): 435M, peak: 438M

vm_info: OpenJDK 64-Bit Server VM (11.0.6+8-b520.43) for windows-amd64 JRE (11.0.6+8-b520.43), built on Feb  3 2020 14:18:56 by "" with MS VC++ 14.0 (VS2015)

END.
